#
# A fatal error has been detected by the Java Runtime Environment:
#
#  Internal Error (constantTag.cpp:59), pid=8560, tid=0x000034a8
#  Error: ShouldNotReachHere()
#
# JRE version: Java(TM) SE Runtime Environment (8.0_211-b12) (build 1.8.0_211-b12)
# Java VM: Java HotSpot(TM) Client VM (25.211-b12 mixed mode windows-x86 )
# Failed to write core dump. Minidumps are not enabled by default on client versions of Windows
#
# If you would like to submit a bug report, please visit:
#   http://bugreport.java.com/bugreport/crash.jsp
#

---------------  T H R E A D  ---------------

Current thread (0x17461400):  VMThread [stack: 0x17660000,0x176b0000] [id=13480]

Stack: [0x17660000,0x176b0000],  sp=0x176af5fc,  free space=317k
Native frames: (J=compiled Java code, j=interpreted, Vv=VM code, C=native code)
V  [jvm.dll+0x1ae2eb]
V  [jvm.dll+0x1a68a4]
V  [jvm.dll+0x1a5e63]
V  [jvm.dll+0xb4595]
V  [jvm.dll+0xb509b]
V  [jvm.dll+0xb638c]
V  [jvm.dll+0xb6702]
V  [jvm.dll+0x87951]
V  [jvm.dll+0x87fcd]
V  [jvm.dll+0x88118]
V  [jvm.dll+0x88368]
V  [jvm.dll+0xbeb8f]
V  [jvm.dll+0xce8bb]
V  [jvm.dll+0x12380d]
V  [jvm.dll+0x184ecb]
V  [jvm.dll+0x1842d1]
V  [jvm.dll+0x1846e7]
V  [jvm.dll+0x1848e2]
V  [jvm.dll+0x1c6a96]
C  [msvcr100.dll+0x5c556]
C  [msvcr100.dll+0x5c600]
C  [KERNEL32.DLL+0x18654]
C  [ntdll.dll+0x64a47]
C  [ntdll.dll+0x64a17]

VM_Operation (0x17dff5c0): GetOrSetLocal, mode: safepoint, requested by thread 0x17497000


---------------  P R O C E S S  ---------------

Java Threads: ( => current thread )
  0x18ab6800 JavaThread "Okio Watchdog" daemon [_thread_blocked, id=8340, stack(0x197b0000,0x19800000)]
  0x18ab6400 JavaThread "OkHttp ConnectionPool" daemon [_thread_blocked, id=8928, stack(0x19720000,0x19770000)]
  0x18984400 JavaThread "Exec Stream Pumper" daemon [_thread_in_native, id=3836, stack(0x19370000,0x193c0000)]
  0x18982c00 JavaThread "Exec Stream Pumper" daemon [_thread_in_native, id=17176, stack(0x192e0000,0x19330000)]
  0x1896fc00 JavaThread "Exec Default Executor" daemon [_thread_in_native, id=10340, stack(0x191c0000,0x19210000)]
  0x18208c00 JavaThread "ReaderThread" [_thread_in_native, id=17968, stack(0x18510000,0x18560000)]
  0x174d6800 JavaThread "Service Thread" daemon [_thread_blocked, id=12476, stack(0x17ff0000,0x18040000)]
  0x174a7000 JavaThread "C1 CompilerThread0" daemon [_thread_blocked, id=15640, stack(0x17f60000,0x17fb0000)]
  0x1749e000 JavaThread "JDWP Command Reader" daemon [_thread_in_native, id=9336, stack(0x17ed0000,0x17f20000)]
  0x1749b400 JavaThread "JDWP Event Helper Thread" daemon [_thread_blocked, id=10116, stack(0x17e40000,0x17e90000)]
  0x17497000 JavaThread "JDWP Transport Listener: dt_socket" daemon [_thread_blocked, id=15384, stack(0x17db0000,0x17e00000)]
  0x17485c00 JavaThread "Attach Listener" daemon [_thread_blocked, id=212, stack(0x179e0000,0x17a30000)]
  0x17490c00 JavaThread "Signal Dispatcher" daemon [_thread_blocked, id=17632, stack(0x17950000,0x179a0000)]
  0x1747d800 JavaThread "Finalizer" daemon [_thread_blocked, id=8024, stack(0x17740000,0x17790000)]
  0x17467c00 JavaThread "Reference Handler" daemon [_thread_blocked, id=13896, stack(0x176b0000,0x17700000)]
  0x04dd0800 JavaThread "main" [_thread_blocked, id=15736, stack(0x04cb0000,0x04d00000)]

Other Threads:
=>0x17461400 VMThread [stack: 0x17660000,0x176b0000] [id=13480]
  0x174e0c00 WatcherThread [stack: 0x18080000,0x180d0000] [id=10692]

VM state:at safepoint (normal execution)

VM Mutex/Monitor currently owned by a thread:  ([mutex/lock_event])
[0x04cadc00] Threads_lock - owner thread: 0x17461400

Heap:
 def new generation   total 4928K, used 1902K [0x07000000, 0x07550000, 0x0c550000)
  eden space 4416K,  31% used [0x07000000, 0x0715bb48, 0x07450000)
  from space 512K, 100% used [0x07450000, 0x074d0000, 0x074d0000)
  to   space 512K,   0% used [0x074d0000, 0x074d0000, 0x07550000)
 tenured generation   total 10944K, used 6284K [0x0c550000, 0x0d000000, 0x17000000)
   the space 10944K,  57% used [0x0c550000, 0x0cb73350, 0x0cb73400, 0x0d000000)
 Metaspace       used 10546K, capacity 11071K, committed 11136K, reserved 11648K

Card table byte_map: [0x06ed0000,0x06f60000] byte_map_base: 0x06e98000

Polling page: 0x03320000

CodeCache: size=32768Kb used=1713Kb max_used=1713Kb free=31054Kb
 bounds [0x04ed0000, 0x05080000, 0x06ed0000]
 total_blobs=863 nmethods=682 adapters=120
 compilation: enabled

Compilation events (10 events):
Event: 18.344 Thread 0x174a7000  688             java.lang.reflect.WeakCache$LookupValue::equals (34 bytes)
Event: 18.344 Thread 0x174a7000 nmethod 688 0x0507b808 code [0x0507b920, 0x0507ba9c]
Event: 18.344 Thread 0x174a7000  689             java.util.LinkedHashMap$LinkedEntryIterator::next (5 bytes)
Event: 18.344 Thread 0x174a7000 nmethod 689 0x0507bb08 code [0x0507bc00, 0x0507bc9c]
Event: 18.344 Thread 0x174a7000  690             java.util.LinkedHashMap$LinkedEntryIterator::next (5 bytes)
Event: 18.345 Thread 0x174a7000 nmethod 690 0x0507bd08 code [0x0507be00, 0x0507be9c]
Event: 18.360 Thread 0x174a7000  691             java.util.Collections$UnmodifiableCollection$1::hasNext (10 bytes)
Event: 18.360 Thread 0x174a7000 nmethod 691 0x0507c288 code [0x0507c390, 0x0507c42c]
Event: 18.360 Thread 0x174a7000  692             sun.reflect.ClassFileAssembler::cpi (22 bytes)
Event: 18.360 Thread 0x174a7000 nmethod 692 0x0507c488 code [0x0507c590, 0x0507c68c]

GC Heap History (10 events):
Event: 4.059 GC heap before
{Heap before GC invocations=7 (full 0):
 def new generation   total 4928K, used 4928K [0x07000000, 0x07550000, 0x0c550000)
  eden space 4416K, 100% used [0x07000000, 0x07450000, 0x07450000)
  from space 512K, 100% used [0x074d0000, 0x07550000, 0x07550000)
  to   space 512K,   0% used [0x07450000, 0x07450000, 0x074d0000)
 tenured generation   total 10944K, used 4189K [0x0c550000, 0x0d000000, 0x17000000)
   the space 10944K,  38% used [0x0c550000, 0x0c9677e8, 0x0c967800, 0x0d000000)
 Metaspace       used 7932K, capacity 8108K, committed 8192K, reserved 8576K
Event: 4.063 GC heap after
Heap after GC invocations=8 (full 0):
 def new generation   total 4928K, used 456K [0x07000000, 0x07550000, 0x0c550000)
  eden space 4416K,   0% used [0x07000000, 0x07000000, 0x07450000)
  from space 512K,  89% used [0x07450000, 0x074c22f8, 0x074d0000)
  to   space 512K,   0% used [0x074d0000, 0x074d0000, 0x07550000)
 tenured generation   total 10944K, used 4699K [0x0c550000, 0x0d000000, 0x17000000)
   the space 10944K,  42% used [0x0c550000, 0x0c9e6c38, 0x0c9e6e00, 0x0d000000)
 Metaspace       used 7932K, capacity 8108K, committed 8192K, reserved 8576K
}
Event: 4.763 GC heap before
{Heap before GC invocations=8 (full 0):
 def new generation   total 4928K, used 4872K [0x07000000, 0x07550000, 0x0c550000)
  eden space 4416K, 100% used [0x07000000, 0x07450000, 0x07450000)
  from space 512K,  89% used [0x07450000, 0x074c22f8, 0x074d0000)
  to   space 512K,   0% used [0x074d0000, 0x074d0000, 0x07550000)
 tenured generation   total 10944K, used 4699K [0x0c550000, 0x0d000000, 0x17000000)
   the space 10944K,  42% used [0x0c550000, 0x0c9e6c38, 0x0c9e6e00, 0x0d000000)
 Metaspace       used 8744K, capacity 8997K, committed 9088K, reserved 9600K
Event: 4.767 GC heap after
Heap after GC invocations=9 (full 0):
 def new generation   total 4928K, used 512K [0x07000000, 0x07550000, 0x0c550000)
  eden space 4416K,   0% used [0x07000000, 0x07000000, 0x07450000)
  from space 512K, 100% used [0x074d0000, 0x07550000, 0x07550000)
  to   space 512K,   0% used [0x07450000, 0x07450000, 0x074d0000)
 tenured generation   total 10944K, used 5060K [0x0c550000, 0x0d000000, 0x17000000)
   the space 10944K,  46% used [0x0c550000, 0x0ca41298, 0x0ca41400, 0x0d000000)
 Metaspace       used 8744K, capacity 8997K, committed 9088K, reserved 9600K
}
Event: 4.917 GC heap before
{Heap before GC invocations=9 (full 0):
 def new generation   total 4928K, used 4928K [0x07000000, 0x07550000, 0x0c550000)
  eden space 4416K, 100% used [0x07000000, 0x07450000, 0x07450000)
  from space 512K, 100% used [0x074d0000, 0x07550000, 0x07550000)
  to   space 512K,   0% used [0x07450000, 0x07450000, 0x074d0000)
 tenured generation   total 10944K, used 5060K [0x0c550000, 0x0d000000, 0x17000000)
   the space 10944K,  46% used [0x0c550000, 0x0ca41298, 0x0ca41400, 0x0d000000)
 Metaspace       used 9277K, capacity 9748K, committed 9856K, reserved 10624K
Event: 4.920 GC heap after
Heap after GC invocations=10 (full 0):
 def new generation   total 4928K, used 511K [0x07000000, 0x07550000, 0x0c550000)
  eden space 4416K,   0% used [0x07000000, 0x07000000, 0x07450000)
  from space 512K,  99% used [0x07450000, 0x074cfff8, 0x074d0000)
  to   space 512K,   0% used [0x074d0000, 0x074d0000, 0x07550000)
 tenured generation   total 10944K, used 5332K [0x0c550000, 0x0d000000, 0x17000000)
   the space 10944K,  48% used [0x0c550000, 0x0ca85210, 0x0ca85400, 0x0d000000)
 Metaspace       used 9277K, capacity 9748K, committed 9856K, reserved 10624K
}
Event: 5.088 GC heap before
{Heap before GC invocations=10 (full 0):
 def new generation   total 4928K, used 4921K [0x07000000, 0x07550000, 0x0c550000)
  eden space 4416K,  99% used [0x07000000, 0x0744e440, 0x07450000)
  from space 512K,  99% used [0x07450000, 0x074cfff8, 0x074d0000)
  to   space 512K,   0% used [0x074d0000, 0x074d0000, 0x07550000)
 tenured generation   total 10944K, used 5332K [0x0c550000, 0x0d000000, 0x17000000)
   the space 10944K,  48% used [0x0c550000, 0x0ca85210, 0x0ca85400, 0x0d000000)
 Metaspace       used 9795K, capacity 10270K, committed 10368K, reserved 10624K
Event: 5.091 GC heap after
Heap after GC invocations=11 (full 0):
 def new generation   total 4928K, used 511K [0x07000000, 0x07550000, 0x0c550000)
  eden space 4416K,   0% used [0x07000000, 0x07000000, 0x07450000)
  from space 512K,  99% used [0x074d0000, 0x0754fff8, 0x07550000)
  to   space 512K,   0% used [0x07450000, 0x07450000, 0x074d0000)
 tenured generation   total 10944K, used 5906K [0x0c550000, 0x0d000000, 0x17000000)
   the space 10944K,  53% used [0x0c550000, 0x0cb14b20, 0x0cb14c00, 0x0d000000)
 Metaspace       used 9795K, capacity 10270K, committed 10368K, reserved 10624K
}
Event: 18.317 GC heap before
{Heap before GC invocations=11 (full 0):
 def new generation   total 4928K, used 4927K [0x07000000, 0x07550000, 0x0c550000)
  eden space 4416K, 100% used [0x07000000, 0x07450000, 0x07450000)
  from space 512K,  99% used [0x074d0000, 0x0754fff8, 0x07550000)
  to   space 512K,   0% used [0x07450000, 0x07450000, 0x074d0000)
 tenured generation   total 10944K, used 5906K [0x0c550000, 0x0d000000, 0x17000000)
   the space 10944K,  53% used [0x0c550000, 0x0cb14b20, 0x0cb14c00, 0x0d000000)
 Metaspace       used 10423K, capacity 10941K, committed 11008K, reserved 11648K
Event: 18.323 GC heap after
Heap after GC invocations=12 (full 0):
 def new generation   total 4928K, used 512K [0x07000000, 0x07550000, 0x0c550000)
  eden space 4416K,   0% used [0x07000000, 0x07000000, 0x07450000)
  from space 512K, 100% used [0x07450000, 0x074d0000, 0x074d0000)
  to   space 512K,   0% used [0x074d0000, 0x074d0000, 0x07550000)
 tenured generation   total 10944K, used 6284K [0x0c550000, 0x0d000000, 0x17000000)
   the space 10944K,  57% used [0x0c550000, 0x0cb73350, 0x0cb73400, 0x0d000000)
 Metaspace       used 10423K, capacity 10941K, committed 11008K, reserved 11648K
}

Deoptimization events (0 events):
No events

Classes redefined (2 events):
Event: 78.016 Thread 0x17461400 redefined class name=Facebook.test, count=1
Event: 97.354 Thread 0x17461400 redefined class name=Facebook.test, count=2

Internal exceptions (10 events):
Event: 4.600 Thread 0x18992800 Exception <a 'java/net/SocketTimeoutException': connect timed out> (0x0711ba58) thrown at [C:\re\workspace\8-2-build-windows-i586-cygwin\jdk8u211\12973\hotspot\src\share\vm\prims\jni.cpp, line 736]
Event: 4.683 Thread 0x04dd0800 Exception <a 'java/lang/IncompatibleClassChangeError': Found class java.lang.Object, but interface was expected> (0x072062e0) thrown at [C:\re\workspace\8-2-build-windows-i586-cygwin\jdk8u211\12973\hotspot\src\share\vm\interpreter\linkResolver.cpp, line 6
Event: 4.690 Thread 0x04dd0800 Exception <a 'java/lang/NoSuchMethodError': java.lang.Object.lambda$or$2(Ljava/util/function/Predicate;Ljava/lang/Object;)Z> (0x07213ac8) thrown at [C:\re\workspace\8-2-build-windows-i586-cygwin\jdk8u211\12973\hotspot\src\share\vm\interpreter\linkResolver
Event: 4.729 Thread 0x04dd0800 Exception <a 'java/lang/ArrayIndexOutOfBoundsException'> (0x07351d88) thrown at [C:\re\workspace\8-2-build-windows-i586-cygwin\jdk8u211\12973\hotspot\src\share\vm\runtime\sharedRuntime.cpp, line 605]
Event: 4.729 Thread 0x04dd0800 Exception <a 'java/lang/ArrayIndexOutOfBoundsException'> (0x07353218) thrown at [C:\re\workspace\8-2-build-windows-i586-cygwin\jdk8u211\12973\hotspot\src\share\vm\runtime\sharedRuntime.cpp, line 605]
Event: 4.730 Thread 0x04dd0800 Exception <a 'java/lang/ArrayIndexOutOfBoundsException'> (0x073594d8) thrown at [C:\re\workspace\8-2-build-windows-i586-cygwin\jdk8u211\12973\hotspot\src\share\vm\runtime\sharedRuntime.cpp, line 605]
Event: 4.731 Thread 0x04dd0800 Exception <a 'java/lang/ArrayIndexOutOfBoundsException'> (0x0735f340) thrown at [C:\re\workspace\8-2-build-windows-i586-cygwin\jdk8u211\12973\hotspot\src\share\vm\runtime\sharedRuntime.cpp, line 605]
Event: 4.806 Thread 0x04dd0800 Exception <a 'java/lang/NoSuchMethodError': java.lang.Object.lambda$chars$0()Ljava/util/Spliterator$OfInt;> (0x07106d90) thrown at [C:\re\workspace\8-2-build-windows-i586-cygwin\jdk8u211\12973\hotspot\src\share\vm\interpreter\linkResolver.cpp, line 620]
Event: 8.288 Thread 0x04dd0800 Exception <a 'java/lang/NoSuchMethodError': java.lang.Object.lambda$getResponseFunction$0(Lorg/openqa/selenium/remote/InitialHandshakeResponse;)Lorg/openqa/selenium/remote/ProtocolHandshake$Result;> (0x072d8de0) thrown at [C:\re\workspace\8-2-build-window
Event: 8.363 Thread 0x04dd0800 Exception <a 'java/net/SocketTimeoutException': Read timed out> (0x07438980) thrown at [C:\re\workspace\8-2-build-windows-i586-cygwin\jdk8u211\12973\hotspot\src\share\vm\prims\jni.cpp, line 736]

Events (10 events):
Event: 97.371 Executing VM operation: ChangeBreakpoints done
Event: 97.389 Executing VM operation: ChangeBreakpoints
Event: 97.389 Executing VM operation: ChangeBreakpoints done
Event: 97.403 Executing VM operation: ChangeBreakpoints
Event: 97.403 Executing VM operation: ChangeBreakpoints done
Event: 98.197 Executing VM operation: GetOwnedMonitorInfo
Event: 98.198 Executing VM operation: GetOwnedMonitorInfo done
Event: 98.198 Executing VM operation: GetCurrentContendedMonitor
Event: 98.198 Executing VM operation: GetCurrentContendedMonitor done
Event: 98.211 Executing VM operation: GetOrSetLocal


Dynamic libraries:
0x00d50000 - 0x00d83000 	C:\Program Files (x86)\Java\jre1.8.0_211\bin\javaw.exe
0x77260000 - 0x773ed000 	C:\WINDOWS\SYSTEM32\ntdll.dll
0x759c0000 - 0x75a90000 	C:\WINDOWS\System32\KERNEL32.DLL
0x76090000 - 0x76267000 	C:\WINDOWS\System32\KERNELBASE.dll
0x76cd0000 - 0x76d48000 	C:\WINDOWS\System32\ADVAPI32.dll
0x762a0000 - 0x7635d000 	C:\WINDOWS\System32\msvcrt.dll
0x75960000 - 0x759a3000 	C:\WINDOWS\System32\sechost.dll
0x76520000 - 0x765de000 	C:\WINDOWS\System32\RPCRT4.dll
0x73b90000 - 0x73bb0000 	C:\WINDOWS\System32\SspiCli.dll
0x73b80000 - 0x73b8a000 	C:\WINDOWS\System32\CRYPTBASE.dll
0x73f20000 - 0x73f77000 	C:\WINDOWS\System32\bcryptPrimitives.dll
0x757e0000 - 0x75955000 	C:\WINDOWS\System32\USER32.dll
0x76730000 - 0x76746000 	C:\WINDOWS\System32\win32u.dll
0x76270000 - 0x76292000 	C:\WINDOWS\System32\GDI32.dll
0x76d50000 - 0x76eae000 	C:\WINDOWS\System32\gdi32full.dll
0x73f80000 - 0x73ffc000 	C:\WINDOWS\System32\msvcp_win.dll
0x73db0000 - 0x73ec7000 	C:\WINDOWS\System32\ucrtbase.dll
0x72dc0000 - 0x72fd1000 	C:\WINDOWS\WinSxS\x86_microsoft.windows.common-controls_6595b64144ccf1df_6.0.16299.125_none_5d79065fa7de350f\COMCTL32.dll
0x76ec0000 - 0x77106000 	C:\WINDOWS\System32\combase.dll
0x757a0000 - 0x757c5000 	C:\WINDOWS\System32\IMM32.DLL
0x64720000 - 0x647df000 	C:\Program Files (x86)\Java\jre1.8.0_211\bin\msvcr100.dll
0x64340000 - 0x64715000 	C:\Program Files (x86)\Java\jre1.8.0_211\bin\client\jvm.dll
0x757d0000 - 0x757d6000 	C:\WINDOWS\System32\PSAPI.DLL
0x70fd0000 - 0x70fd8000 	C:\WINDOWS\SYSTEM32\WSOCK32.dll
0x6f9b0000 - 0x6f9d4000 	C:\WINDOWS\SYSTEM32\WINMM.dll
0x73620000 - 0x73628000 	C:\WINDOWS\SYSTEM32\VERSION.dll
0x76360000 - 0x763c6000 	C:\WINDOWS\System32\WS2_32.dll
0x6f770000 - 0x6f793000 	C:\WINDOWS\SYSTEM32\winmmbase.dll
0x77220000 - 0x77258000 	C:\WINDOWS\System32\cfgmgr32.dll
0x73a70000 - 0x73a7c000 	C:\Program Files (x86)\Java\jre1.8.0_211\bin\verify.dll
0x64310000 - 0x64331000 	C:\Program Files (x86)\Java\jre1.8.0_211\bin\java.dll
0x642e0000 - 0x6430b000 	C:\Program Files (x86)\Java\jre1.8.0_211\bin\jdwp.dll
0x642d0000 - 0x642d7000 	C:\Program Files (x86)\Java\jre1.8.0_211\bin\npt.dll
0x642b0000 - 0x642c4000 	C:\Program Files (x86)\Java\jre1.8.0_211\bin\zip.dll
0x74300000 - 0x75633000 	C:\WINDOWS\System32\SHELL32.dll
0x77110000 - 0x77198000 	C:\WINDOWS\System32\shcore.dll
0x75ab0000 - 0x76076000 	C:\WINDOWS\System32\windows.storage.dll
0x73ed0000 - 0x73f15000 	C:\WINDOWS\System32\shlwapi.dll
0x76080000 - 0x7608e000 	C:\WINDOWS\System32\kernel.appcore.dll
0x767b0000 - 0x767f5000 	C:\WINDOWS\System32\powrprof.dll
0x75a90000 - 0x75aa4000 	C:\WINDOWS\System32\profapi.dll
0x642a0000 - 0x642a8000 	C:\Program Files (x86)\Java\jre1.8.0_211\bin\dt_socket.dll
0x6b280000 - 0x6b291000 	C:\WINDOWS\system32\napinsp.dll
0x6b260000 - 0x6b276000 	C:\WINDOWS\system32\pnrpnsp.dll
0x6b240000 - 0x6b253000 	C:\WINDOWS\system32\NLAapi.dll
0x6f7d0000 - 0x6f825000 	C:\WINDOWS\System32\mswsock.dll
0x71f10000 - 0x71fa4000 	C:\WINDOWS\SYSTEM32\DNSAPI.dll
0x76eb0000 - 0x76eb7000 	C:\WINDOWS\System32\NSI.dll
0x73a40000 - 0x73a70000 	C:\WINDOWS\SYSTEM32\IPHLPAPI.DLL
0x6b230000 - 0x6b23c000 	C:\WINDOWS\System32\winrnr.dll
0x6b220000 - 0x6b230000 	C:\WINDOWS\System32\wshbth.dll
0x6b1d0000 - 0x6b21e000 	C:\WINDOWS\System32\fwpuclnt.dll
0x73260000 - 0x73279000 	C:\WINDOWS\SYSTEM32\bcrypt.dll
0x6e780000 - 0x6e788000 	C:\Windows\System32\rasadhlp.dll
0x64280000 - 0x64295000 	C:\Program Files (x86)\Java\jre1.8.0_211\bin\net.dll
0x72600000 - 0x7278c000 	C:\WINDOWS\SYSTEM32\urlmon.dll
0x771a0000 - 0x771b9000 	C:\WINDOWS\System32\imagehlp.dll
0x723e0000 - 0x725f9000 	C:\WINDOWS\SYSTEM32\iertutil.dll
0x73090000 - 0x730a3000 	C:\WINDOWS\SYSTEM32\CRYPTSP.dll
0x73020000 - 0x7304f000 	C:\WINDOWS\system32\rsaenh.dll
0x735f0000 - 0x73612000 	C:\WINDOWS\SYSTEM32\USERENV.dll
0x6e840000 - 0x6e853000 	C:\WINDOWS\SYSTEM32\dhcpcsvc6.DLL
0x72b90000 - 0x72ba4000 	C:\WINDOWS\SYSTEM32\dhcpcsvc.DLL
0x64270000 - 0x6427f000 	C:\Program Files (x86)\Java\jre1.8.0_211\bin\nio.dll
0x64250000 - 0x64270000 	C:\Program Files (x86)\Java\jre1.8.0_211\bin\sunec.dll
0x64240000 - 0x64249000 	C:\Program Files (x86)\Java\jre1.8.0_211\bin\sunmscapi.dll
0x74170000 - 0x742f2000 	C:\WINDOWS\System32\CRYPT32.dll
0x759b0000 - 0x759be000 	C:\WINDOWS\System32\MSASN1.dll
0x729f0000 - 0x72b71000 	C:\WINDOWS\SYSTEM32\dbghelp.dll

VM Arguments:
jvm_args: -agentlib:jdwp=transport=dt_socket,suspend=y,address=localhost:11228 -ea -Dfile.encoding=Cp1252 
java_command: org.testng.remote.RemoteTestNG -serport 11227 -protocol json -d E:\javaprojects\Java123\src\StringHandling\StringHandling2\com.demo\test-output C:\Users\abc\AppData\Local\Temp\testng-eclipse--357036977\testng-customsuite.xml
java_class_path (initial): E:\javaprojects\eclipse\plugins\org.testng.eclipse_6.11.0.201703011520\lib\testng-remote.jar;C:\Program Files (x86)\Java\jre1.8.0_211\lib\resources.jar;C:\Program Files (x86)\Java\jre1.8.0_211\lib\rt.jar;C:\Program Files (x86)\Java\jre1.8.0_211\lib\jsse.jar;C:\Program Files (x86)\Java\jre1.8.0_211\lib\jce.jar;C:\Program Files (x86)\Java\jre1.8.0_211\lib\charsets.jar;C:\Program Files (x86)\Java\jre1.8.0_211\lib\jfr.jar;C:\Program Files (x86)\Java\jre1.8.0_211\lib\ext\access-bridge-32.jar;C:\Program Files (x86)\Java\jre1.8.0_211\lib\ext\cldrdata.jar;C:\Program Files (x86)\Java\jre1.8.0_211\lib\ext\dnsns.jar;C:\Program Files (x86)\Java\jre1.8.0_211\lib\ext\jaccess.jar;C:\Program Files (x86)\Java\jre1.8.0_211\lib\ext\jfxrt.jar;C:\Program Files (x86)\Java\jre1.8.0_211\lib\ext\localedata.jar;C:\Program Files (x86)\Java\jre1.8.0_211\lib\ext\nashorn.jar;C:\Program Files (x86)\Java\jre1.8.0_211\lib\ext\sunec.jar;C:\Program Files (x86)\Java\jre1.8.0_211\lib\ext\sunjce_provider.jar;C:\Program Files (x86)\Java\jre1.8.0_211\lib\ext\sunmscapi.jar;C:\Program Files (x86)\Java\jre1.8.0_211\lib\ext\sunpkcs11.jar;C:\Program Files (x86)\Java\jre1.8.0_211\lib\ext\zipfs.jar;E:\javaprojects\Java123\src\StringHandling\StringHandling2\com.demo\target\test-classes;E:\javaprojects\Java123\src\StringHandling\StringHandling2\com.demo\target\classes;E:\javaprojects\eclipse\plugins\org.junit_4.12.0.v201504281640\junit.jar;E:\javaprojects\eclipse\plugins\org.hamcrest.core_1.3.0.v201303031735.jar;C:\Users\abc\.m2\repository\org\apache\poi\poi\3.9\poi-3.9.jar;C:\Users\abc\.m2\repository\commons-codec\commons-codec\1.5\commons-codec-1.5.jar;C:\Users\abc\.m2\repository\org\seleniumhq\selenium\selenium-java\3.141.59\selenium-java-3.141.59.jar;C:\Users\abc\.m2\repository\org\seleniumhq\selenium\selenium-api\3.141.59\selenium-api-3.141.59.jar;C:\Users\abc\.m2\repository\org\seleniumhq\selenium\selenium-chrome-driver\3.141.59\selenium-chrome-driver-3.141.59.jar;C:\Users\abc\.m
Launcher Type: SUN_STANDARD

Environment Variables:
JAVA_HOME=C:\Program Files (x86)\Java\jdk1.8.0_211
CLASSPATH=%CLASSPATH%;%JUNIT_HOME%\junit-4.10.jar;.;
PATH=C:/Program Files (x86)/Java/jdk1.8.0_211/bin/../jre/bin/client;C:/Program Files (x86)/Java/jdk1.8.0_211/bin/../jre/bin;C:/Program Files (x86)/Java/jdk1.8.0_211/bin/../jre/lib/i386;C:\WINDOWS\system32;C:\WINDOWS;C:\WINDOWS\System32\Wbem;C:\WINDOWS\System32\WindowsPowerShell\v1.0\;C:\Program Files (x86)\Windows Kits\8.1\Windows Performance Toolkit\;C:\Program Files\Microsoft SQL Server\110\Tools\Binn\;C:\Program Files\Microsoft SQL Server\120\DTS\Binn\;C:\Program Files\Microsoft SQL Server\Client SDK\ODBC\110\Tools\Binn\;C:\Program Files (x86)\Microsoft SQL Server\120\Tools\Binn\;C:\Program Files\Microsoft SQL Server\120\Tools\Binn\;C:\Program Files (x86)\Microsoft SQL Server\120\Tools\Binn\ManagementStudio\;C:\Program Files (x86)\Microsoft SQL Server\120\DTS\Binn\;E:\Selenium softwares\s\apache-maven-3.6.1\bin;C:\Program Files (x86)\Java\jdk1.8.0_211\bin;E:\Selenium softwares\apache-maven-3.6.1\bin;C:\Program Files (x86)\Java\jdk1.8.0_211\bin;;E:\javaprojects\eclipse;
USERNAME=abc
OS=Windows_NT
PROCESSOR_IDENTIFIER=Intel64 Family 6 Model 58 Stepping 9, GenuineIntel



---------------  S Y S T E M  ---------------

OS: Windows 10.0 , 64 bit Build 16299 (10.0.16299.15)

CPU:total 4 (initial active 4) (2 cores per cpu, 2 threads per core) family 6 model 58 stepping 9, cmov, cx8, fxsr, mmx, sse, sse2, sse3, ssse3, sse4.1, sse4.2, popcnt, avx, clmul, erms, ht, tsc, tscinvbit, tscinv

Memory: 4k page, physical 4066664k(726624k free), swap 10182676k(5280792k free)

vm_info: Java HotSpot(TM) Client VM (25.211-b12) for windows-x86 JRE (1.8.0_211-b12), built on Apr  1 2019 20:53:53 by "java_re" with MS VC++ 10.0 (VS2010)

time: Mon Jul 22 10:36:57 2019
timezone: India Standard Time
elapsed time: 98 seconds (0d 0h 1m 38s)

