#
# A fatal error has been detected by the Java Runtime Environment:
#
#  Internal Error (javaCalls.cpp:51), pid=1748, tid=0x000018fc
#  guarantee(thread->is_Java_thread()) failed: crucial check - the VM thread cannot and must not escape to Java code
#
# JRE version: Java(TM) SE Runtime Environment (8.0_211-b12) (build 1.8.0_211-b12)
# Java VM: Java HotSpot(TM) Client VM (25.211-b12 mixed mode windows-x86 )
# Failed to write core dump. Minidumps are not enabled by default on client versions of Windows
#
# If you would like to submit a bug report, please visit:
#   http://bugreport.java.com/bugreport/crash.jsp
#

---------------  T H R E A D  ---------------

Current thread (0x16cc1400):  VMThread [stack: 0x16f00000,0x16f50000] [id=6396]

Stack: [0x16f00000,0x16f50000],  sp=0x16f4ee48,  free space=315k
Native frames: (J=compiled Java code, j=interpreted, Vv=VM code, C=native code)
V  [jvm.dll+0x1ae2eb]
V  [jvm.dll+0x1a6775]
V  [jvm.dll+0x15bd8e]
V  [jvm.dll+0x15c2cf]
V  [jvm.dll+0x2251ee]
V  [jvm.dll+0x15c39e]
V  [jvm.dll+0x15c726]
V  [jvm.dll+0x1a75fa]
V  [jvm.dll+0x1a7664]
V  [jvm.dll+0x1a781a]
V  [jvm.dll+0x1a7866]
V  [jvm.dll+0xb2ceb]
V  [jvm.dll+0xb3349]
V  [jvm.dll+0xb5245]
V  [jvm.dll+0xb638c]
V  [jvm.dll+0xb6702]
V  [jvm.dll+0x87951]
V  [jvm.dll+0x87fcd]
V  [jvm.dll+0x88118]
V  [jvm.dll+0x88368]
V  [jvm.dll+0xbeb8f]
V  [jvm.dll+0xce8bb]
V  [jvm.dll+0x12380d]
V  [jvm.dll+0x184ecb]
V  [jvm.dll+0x1842d1]
V  [jvm.dll+0x1846e7]
V  [jvm.dll+0x1848e2]
V  [jvm.dll+0x1c6a96]
C  [msvcr100.dll+0x5c556]
C  [msvcr100.dll+0x5c600]
C  [KERNEL32.DLL+0x18654]
C  [ntdll.dll+0x64a47]
C  [ntdll.dll+0x64a17]

VM_Operation (0x1776f840): GetOrSetLocal, mode: safepoint, requested by thread 0x16cf7000


---------------  P R O C E S S  ---------------

Java Threads: ( => current thread )
  0x18424000 JavaThread "Okio Watchdog" daemon [_thread_blocked, id=12284, stack(0x19100000,0x19150000)]
  0x17e3e800 JavaThread "Exec Stream Pumper" daemon [_thread_in_native, id=15828, stack(0x18cc0000,0x18d10000)]
  0x17e3e000 JavaThread "Exec Stream Pumper" daemon [_thread_in_native, id=8984, stack(0x18c30000,0x18c80000)]
  0x18301c00 JavaThread "Exec Default Executor" daemon [_thread_in_native, id=17220, stack(0x18b10000,0x18b60000)]
  0x17b81800 JavaThread "ReaderThread" [_thread_in_native, id=8156, stack(0x17e80000,0x17ed0000)]
  0x16d36400 JavaThread "Service Thread" daemon [_thread_blocked, id=16272, stack(0x17960000,0x179b0000)]
  0x16d11c00 JavaThread "C1 CompilerThread0" daemon [_thread_blocked, id=18008, stack(0x178d0000,0x17920000)]
  0x16d03800 JavaThread "JDWP Command Reader" daemon [_thread_in_native, id=15960, stack(0x17840000,0x17890000)]
  0x16cf9800 JavaThread "JDWP Event Helper Thread" daemon [_thread_blocked, id=8716, stack(0x177b0000,0x17800000)]
  0x16cf7000 JavaThread "JDWP Transport Listener: dt_socket" daemon [_thread_blocked, id=11324, stack(0x17720000,0x17770000)]
  0x16ce5c00 JavaThread "Attach Listener" daemon [_thread_blocked, id=5340, stack(0x172c0000,0x17310000)]
  0x16cf0c00 JavaThread "Signal Dispatcher" daemon [_thread_blocked, id=12304, stack(0x17230000,0x17280000)]
  0x16cdd800 JavaThread "Finalizer" daemon [_thread_blocked, id=17072, stack(0x17020000,0x17070000)]
  0x16cc7c00 JavaThread "Reference Handler" daemon [_thread_blocked, id=7264, stack(0x16f90000,0x16fe0000)]
  0x045a0800 JavaThread "main" [_thread_blocked, id=12456, stack(0x00c20000,0x00c70000)]

Other Threads:
=>0x16cc1400 VMThread [stack: 0x16f00000,0x16f50000] [id=6396]
  0x16d40800 WatcherThread [stack: 0x179f0000,0x17a40000] [id=15228]

VM state:at safepoint (normal execution)

VM Mutex/Monitor currently owned by a thread:  ([mutex/lock_event])
[0x00c8dcd0] Threads_lock - owner thread: 0x16cc1400

Heap:
 def new generation   total 4992K, used 967K [0x06800000, 0x06d60000, 0x0bd50000)
  eden space 4480K,  21% used [0x06800000, 0x068f1d38, 0x06c60000)
  from space 512K,   0% used [0x06c60000, 0x06c60000, 0x06ce0000)
  to   space 512K,   0% used [0x06ce0000, 0x06ce0000, 0x06d60000)
 tenured generation   total 10944K, used 5629K [0x0bd50000, 0x0c800000, 0x16800000)
   the space 10944K,  51% used [0x0bd50000, 0x0c2cf6d0, 0x0c2cf800, 0x0c800000)
 Metaspace       used 11945K, capacity 12462K, committed 12544K, reserved 12672K

Card table byte_map: [0x06740000,0x067d0000] byte_map_base: 0x0670c000

Polling page: 0x00c70000

CodeCache: size=32768Kb used=1824Kb max_used=1824Kb free=30943Kb
 bounds [0x04740000, 0x04910000, 0x06740000]
 total_blobs=949 nmethods=767 adapters=121
 compilation: enabled

Compilation events (10 events):
Event: 16.094 Thread 0x16d11c00  773             sun.net.www.protocol.jar.Handler::parseURL (201 bytes)
Event: 16.095 Thread 0x16d11c00 nmethod 773 0x04906148 code [0x04906310, 0x04906824]
Event: 16.095 Thread 0x16d11c00  774             sun.net.www.protocol.jar.Handler::indexOfBangSlash (52 bytes)
Event: 16.095 Thread 0x16d11c00 nmethod 774 0x04906f88 code [0x049070b0, 0x04907218]
Event: 16.095 Thread 0x16d11c00  775             java.net.URLStreamHandler::setURL (159 bytes)
Event: 16.096 Thread 0x16d11c00 nmethod 775 0x049073c8 code [0x04907560, 0x04907a04]
Event: 16.096 Thread 0x16d11c00  776             java.util.jar.JarFile::getManifest (5 bytes)
Event: 16.096 Thread 0x16d11c00 nmethod 776 0x04907f88 code [0x04908080, 0x0490811c]
Event: 16.097 Thread 0x16d11c00  777             org.apache.poi.hssf.record.aggregates.ValueRecordsAggregate::access$000 (5 bytes)
Event: 16.097 Thread 0x16d11c00 nmethod 777 0x04908188 code [0x04908280, 0x049082f0]

GC Heap History (10 events):
Event: 4.479 GC heap before
{Heap before GC invocations=10 (full 0):
 def new generation   total 4928K, used 4927K [0x06800000, 0x06d50000, 0x0bd50000)
  eden space 4416K,  99% used [0x06800000, 0x06c4fed8, 0x06c50000)
  from space 512K,  99% used [0x06c50000, 0x06ccfe68, 0x06cd0000)
  to   space 512K,   0% used [0x06cd0000, 0x06cd0000, 0x06d50000)
 tenured generation   total 10944K, used 5300K [0x0bd50000, 0x0c800000, 0x16800000)
   the space 10944K,  48% used [0x0bd50000, 0x0c27d3e8, 0x0c27d400, 0x0c800000)
 Metaspace       used 9799K, capacity 10302K, committed 10368K, reserved 10624K
Event: 4.485 GC heap after
Heap after GC invocations=11 (full 0):
 def new generation   total 4928K, used 511K [0x06800000, 0x06d50000, 0x0bd50000)
  eden space 4416K,   0% used [0x06800000, 0x06800000, 0x06c50000)
  from space 512K,  99% used [0x06cd0000, 0x06d4fff8, 0x06d50000)
  to   space 512K,   0% used [0x06c50000, 0x06c50000, 0x06cd0000)
 tenured generation   total 10944K, used 5893K [0x0bd50000, 0x0c800000, 0x16800000)
   the space 10944K,  53% used [0x0bd50000, 0x0c311698, 0x0c311800, 0x0c800000)
 Metaspace       used 9799K, capacity 10302K, committed 10368K, reserved 10624K
}
Event: 15.616 GC heap before
{Heap before GC invocations=11 (full 0):
 def new generation   total 4928K, used 4927K [0x06800000, 0x06d50000, 0x0bd50000)
  eden space 4416K, 100% used [0x06800000, 0x06c50000, 0x06c50000)
  from space 512K,  99% used [0x06cd0000, 0x06d4fff8, 0x06d50000)
  to   space 512K,   0% used [0x06c50000, 0x06c50000, 0x06cd0000)
 tenured generation   total 10944K, used 5893K [0x0bd50000, 0x0c800000, 0x16800000)
   the space 10944K,  53% used [0x0bd50000, 0x0c311698, 0x0c311800, 0x0c800000)
 Metaspace       used 10423K, capacity 10941K, committed 11008K, reserved 11648K
Event: 15.622 GC heap after
Heap after GC invocations=12 (full 0):
 def new generation   total 4928K, used 512K [0x06800000, 0x06d50000, 0x0bd50000)
  eden space 4416K,   0% used [0x06800000, 0x06800000, 0x06c50000)
  from space 512K, 100% used [0x06c50000, 0x06cd0000, 0x06cd0000)
  to   space 512K,   0% used [0x06cd0000, 0x06cd0000, 0x06d50000)
 tenured generation   total 10944K, used 6278K [0x0bd50000, 0x0c800000, 0x16800000)
   the space 10944K,  57% used [0x0bd50000, 0x0c371870, 0x0c371a00, 0x0c800000)
 Metaspace       used 10423K, capacity 10941K, committed 11008K, reserved 11648K
}
Event: 15.768 GC heap before
{Heap before GC invocations=12 (full 0):
 def new generation   total 4928K, used 4928K [0x06800000, 0x06d50000, 0x0bd50000)
  eden space 4416K, 100% used [0x06800000, 0x06c50000, 0x06c50000)
  from space 512K, 100% used [0x06c50000, 0x06cd0000, 0x06cd0000)
  to   space 512K,   0% used [0x06cd0000, 0x06cd0000, 0x06d50000)
 tenured generation   total 10944K, used 6278K [0x0bd50000, 0x0c800000, 0x16800000)
   the space 10944K,  57% used [0x0bd50000, 0x0c371870, 0x0c371a00, 0x0c800000)
 Metaspace       used 10932K, capacity 11455K, committed 11520K, reserved 11648K
Event: 15.772 GC heap after
Heap after GC invocations=13 (full 0):
 def new generation   total 4928K, used 511K [0x06800000, 0x06d50000, 0x0bd50000)
  eden space 4416K,   0% used [0x06800000, 0x06800000, 0x06c50000)
  from space 512K,  99% used [0x06cd0000, 0x06d4fff8, 0x06d50000)
  to   space 512K,   0% used [0x06c50000, 0x06c50000, 0x06cd0000)
 tenured generation   total 10944K, used 6817K [0x0bd50000, 0x0c800000, 0x16800000)
   the space 10944K,  62% used [0x0bd50000, 0x0c3f85f0, 0x0c3f8600, 0x0c800000)
 Metaspace       used 10932K, capacity 11455K, committed 11520K, reserved 11648K
}
Event: 15.953 GC heap before
{Heap before GC invocations=13 (full 0):
 def new generation   total 4928K, used 4927K [0x06800000, 0x06d50000, 0x0bd50000)
  eden space 4416K, 100% used [0x06800000, 0x06c50000, 0x06c50000)
  from space 512K,  99% used [0x06cd0000, 0x06d4fff8, 0x06d50000)
  to   space 512K,   0% used [0x06c50000, 0x06c50000, 0x06cd0000)
 tenured generation   total 10944K, used 6817K [0x0bd50000, 0x0c800000, 0x16800000)
   the space 10944K,  62% used [0x0bd50000, 0x0c3f85f0, 0x0c3f8600, 0x0c800000)
 Metaspace       used 11532K, capacity 12031K, committed 12032K, reserved 12672K
Event: 15.957 GC heap after
Heap after GC invocations=14 (full 0):
 def new generation   total 4928K, used 512K [0x06800000, 0x06d50000, 0x0bd50000)
  eden space 4416K,   0% used [0x06800000, 0x06800000, 0x06c50000)
  from space 512K, 100% used [0x06c50000, 0x06cd0000, 0x06cd0000)
  to   space 512K,   0% used [0x06cd0000, 0x06cd0000, 0x06d50000)
 tenured generation   total 10944K, used 7304K [0x0bd50000, 0x0c800000, 0x16800000)
   the space 10944K,  66% used [0x0bd50000, 0x0c472190, 0x0c472200, 0x0c800000)
 Metaspace       used 11532K, capacity 12031K, committed 12032K, reserved 12672K
}
Event: 16.024 GC heap before
{Heap before GC invocations=14 (full 0):
 def new generation   total 4928K, used 2041K [0x06800000, 0x06d50000, 0x0bd50000)
  eden space 4416K,  34% used [0x06800000, 0x0697e5a8, 0x06c50000)
  from space 512K, 100% used [0x06c50000, 0x06cd0000, 0x06cd0000)
  to   space 512K,   0% used [0x06cd0000, 0x06cd0000, 0x06d50000)
 tenured generation   total 10944K, used 7304K [0x0bd50000, 0x0c800000, 0x16800000)
   the space 10944K,  66% used [0x0bd50000, 0x0c472190, 0x0c472200, 0x0c800000)
 Metaspace       used 11774K, capacity 12273K, committed 12288K, reserved 12672K
Event: 16.051 GC heap after
Heap after GC invocations=15 (full 1):
 def new generation   total 4992K, used 0K [0x06800000, 0x06d60000, 0x0bd50000)
  eden space 4480K,   0% used [0x06800000, 0x06800000, 0x06c60000)
  from space 512K,   0% used [0x06c60000, 0x06c60000, 0x06ce0000)
  to   space 512K,   0% used [0x06ce0000, 0x06ce0000, 0x06d60000)
 tenured generation   total 10944K, used 5629K [0x0bd50000, 0x0c800000, 0x16800000)
   the space 10944K,  51% used [0x0bd50000, 0x0c2cf6d0, 0x0c2cf800, 0x0c800000)
 Metaspace       used 11772K, capacity 12270K, committed 12288K, reserved 12672K
}

Deoptimization events (0 events):
No events

Classes redefined (6 events):
Event: 297.407 Thread 0x16cc1400 redefined class name=OrangeHRMlive.Driver, count=1
Event: 586.521 Thread 0x16cc1400 redefined class name=OrangeHRMlive.Driver, count=2
Event: 596.729 Thread 0x16cc1400 redefined class name=OrangeHRMlive.LoginTest, count=3
Event: 680.749 Thread 0x16cc1400 redefined class name=OrangeHRMlive.LoginTest, count=4
Event: 1063.057 Thread 0x16cc1400 redefined class name=OrangeHRMlive.LoginTest, count=5
Event: 2112.891 Thread 0x16cc1400 redefined class name=OrangeHRMlive.LoginTest, count=6

Internal exceptions (10 events):
Event: 3.645 Thread 0x182f7c00 Exception <a 'java/net/SocketTimeoutException': connect timed out> (0x06918810) thrown at [C:\re\workspace\8-2-build-windows-i586-cygwin\jdk8u211\12973\hotspot\src\share\vm\prims\jni.cpp, line 736]
Event: 3.705 Thread 0x045a0800 Exception <a 'java/lang/IncompatibleClassChangeError': Found class java.lang.Object, but interface was expected> (0x06a03108) thrown at [C:\re\workspace\8-2-build-windows-i586-cygwin\jdk8u211\12973\hotspot\src\share\vm\interpreter\linkResolver.cpp, line 6
Event: 3.712 Thread 0x045a0800 Exception <a 'java/lang/NoSuchMethodError': java.lang.Object.lambda$or$2(Ljava/util/function/Predicate;Ljava/lang/Object;)Z> (0x06a108f0) thrown at [C:\re\workspace\8-2-build-windows-i586-cygwin\jdk8u211\12973\hotspot\src\share\vm\interpreter\linkResolver
Event: 3.759 Thread 0x045a0800 Exception <a 'java/lang/ArrayIndexOutOfBoundsException'> (0x06b4eb60) thrown at [C:\re\workspace\8-2-build-windows-i586-cygwin\jdk8u211\12973\hotspot\src\share\vm\runtime\sharedRuntime.cpp, line 605]
Event: 3.759 Thread 0x045a0800 Exception <a 'java/lang/ArrayIndexOutOfBoundsException'> (0x06b4fff0) thrown at [C:\re\workspace\8-2-build-windows-i586-cygwin\jdk8u211\12973\hotspot\src\share\vm\runtime\sharedRuntime.cpp, line 605]
Event: 3.760 Thread 0x045a0800 Exception <a 'java/lang/ArrayIndexOutOfBoundsException'> (0x06b562b0) thrown at [C:\re\workspace\8-2-build-windows-i586-cygwin\jdk8u211\12973\hotspot\src\share\vm\runtime\sharedRuntime.cpp, line 605]
Event: 3.760 Thread 0x045a0800 Exception <a 'java/lang/ArrayIndexOutOfBoundsException'> (0x06b5c0d8) thrown at [C:\re\workspace\8-2-build-windows-i586-cygwin\jdk8u211\12973\hotspot\src\share\vm\runtime\sharedRuntime.cpp, line 605]
Event: 3.856 Thread 0x045a0800 Exception <a 'java/lang/NoSuchMethodError': java.lang.Object.lambda$chars$0()Ljava/util/Spliterator$OfInt;> (0x06903be0) thrown at [C:\re\workspace\8-2-build-windows-i586-cygwin\jdk8u211\12973\hotspot\src\share\vm\interpreter\linkResolver.cpp, line 620]
Event: 8.605 Thread 0x045a0800 Exception <a 'java/lang/NoSuchMethodError': java.lang.Object.lambda$getResponseFunction$0(Lorg/openqa/selenium/remote/InitialHandshakeResponse;)Lorg/openqa/selenium/remote/ProtocolHandshake$Result;> (0x06ad4a50) thrown at [C:\re\workspace\8-2-build-window
Event: 8.718 Thread 0x045a0800 Exception <a 'java/net/SocketTimeoutException': Read timed out> (0x06c40648) thrown at [C:\re\workspace\8-2-build-windows-i586-cygwin\jdk8u211\12973\hotspot\src\share\vm\prims\jni.cpp, line 736]

Events (10 events):
Event: 2112.937 Executing VM operation: ChangeBreakpoints done
Event: 2112.960 Executing VM operation: ChangeBreakpoints
Event: 2112.960 Executing VM operation: ChangeBreakpoints done
Event: 2112.960 Executing VM operation: ChangeBreakpoints
Event: 2112.961 Executing VM operation: ChangeBreakpoints done
Event: 2114.578 Executing VM operation: GetOwnedMonitorInfo
Event: 2114.579 Executing VM operation: GetOwnedMonitorInfo done
Event: 2114.579 Executing VM operation: GetCurrentContendedMonitor
Event: 2114.579 Executing VM operation: GetCurrentContendedMonitor done
Event: 2120.111 Executing VM operation: GetOrSetLocal


Dynamic libraries:
0x00f40000 - 0x00f73000 	C:\Program Files (x86)\Java\jre1.8.0_211\bin\javaw.exe
0x77260000 - 0x773ed000 	C:\WINDOWS\SYSTEM32\ntdll.dll
0x759c0000 - 0x75a90000 	C:\WINDOWS\System32\KERNEL32.DLL
0x76090000 - 0x76267000 	C:\WINDOWS\System32\KERNELBASE.dll
0x76cd0000 - 0x76d48000 	C:\WINDOWS\System32\ADVAPI32.dll
0x762a0000 - 0x7635d000 	C:\WINDOWS\System32\msvcrt.dll
0x75960000 - 0x759a3000 	C:\WINDOWS\System32\sechost.dll
0x76520000 - 0x765de000 	C:\WINDOWS\System32\RPCRT4.dll
0x73b90000 - 0x73bb0000 	C:\WINDOWS\System32\SspiCli.dll
0x73b80000 - 0x73b8a000 	C:\WINDOWS\System32\CRYPTBASE.dll
0x73f20000 - 0x73f77000 	C:\WINDOWS\System32\bcryptPrimitives.dll
0x757e0000 - 0x75955000 	C:\WINDOWS\System32\USER32.dll
0x76730000 - 0x76746000 	C:\WINDOWS\System32\win32u.dll
0x76270000 - 0x76292000 	C:\WINDOWS\System32\GDI32.dll
0x76d50000 - 0x76eae000 	C:\WINDOWS\System32\gdi32full.dll
0x73f80000 - 0x73ffc000 	C:\WINDOWS\System32\msvcp_win.dll
0x73db0000 - 0x73ec7000 	C:\WINDOWS\System32\ucrtbase.dll
0x733c0000 - 0x735d1000 	C:\WINDOWS\WinSxS\x86_microsoft.windows.common-controls_6595b64144ccf1df_6.0.16299.125_none_5d79065fa7de350f\COMCTL32.dll
0x76ec0000 - 0x77106000 	C:\WINDOWS\System32\combase.dll
0x757a0000 - 0x757c5000 	C:\WINDOWS\System32\IMM32.DLL
0x646c0000 - 0x6477f000 	C:\Program Files (x86)\Java\jre1.8.0_211\bin\msvcr100.dll
0x63eb0000 - 0x64285000 	C:\Program Files (x86)\Java\jre1.8.0_211\bin\client\jvm.dll
0x757d0000 - 0x757d6000 	C:\WINDOWS\System32\PSAPI.DLL
0x71430000 - 0x71438000 	C:\WINDOWS\SYSTEM32\WSOCK32.dll
0x76360000 - 0x763c6000 	C:\WINDOWS\System32\WS2_32.dll
0x6fa00000 - 0x6fa24000 	C:\WINDOWS\SYSTEM32\WINMM.dll
0x73620000 - 0x73628000 	C:\WINDOWS\SYSTEM32\VERSION.dll
0x6f940000 - 0x6f963000 	C:\WINDOWS\SYSTEM32\WINMMBASE.dll
0x77220000 - 0x77258000 	C:\WINDOWS\System32\cfgmgr32.dll
0x646b0000 - 0x646bc000 	C:\Program Files (x86)\Java\jre1.8.0_211\bin\verify.dll
0x64680000 - 0x646a1000 	C:\Program Files (x86)\Java\jre1.8.0_211\bin\java.dll
0x64650000 - 0x6467b000 	C:\Program Files (x86)\Java\jre1.8.0_211\bin\jdwp.dll
0x64640000 - 0x64647000 	C:\Program Files (x86)\Java\jre1.8.0_211\bin\npt.dll
0x64620000 - 0x64634000 	C:\Program Files (x86)\Java\jre1.8.0_211\bin\zip.dll
0x74300000 - 0x75633000 	C:\WINDOWS\System32\SHELL32.dll
0x77110000 - 0x77198000 	C:\WINDOWS\System32\shcore.dll
0x75ab0000 - 0x76076000 	C:\WINDOWS\System32\windows.storage.dll
0x73ed0000 - 0x73f15000 	C:\WINDOWS\System32\shlwapi.dll
0x76080000 - 0x7608e000 	C:\WINDOWS\System32\kernel.appcore.dll
0x767b0000 - 0x767f5000 	C:\WINDOWS\System32\powrprof.dll
0x75a90000 - 0x75aa4000 	C:\WINDOWS\System32\profapi.dll
0x64610000 - 0x64618000 	C:\Program Files (x86)\Java\jre1.8.0_211\bin\dt_socket.dll
0x6b3e0000 - 0x6b3f1000 	C:\WINDOWS\system32\napinsp.dll
0x6b3c0000 - 0x6b3d6000 	C:\WINDOWS\system32\pnrpnsp.dll
0x6b3a0000 - 0x6b3b3000 	C:\WINDOWS\system32\NLAapi.dll
0x6f9a0000 - 0x6f9f5000 	C:\WINDOWS\System32\mswsock.dll
0x6f8a0000 - 0x6f934000 	C:\WINDOWS\SYSTEM32\DNSAPI.dll
0x76eb0000 - 0x76eb7000 	C:\WINDOWS\System32\NSI.dll
0x73a40000 - 0x73a70000 	C:\WINDOWS\SYSTEM32\IPHLPAPI.DLL
0x6b390000 - 0x6b39c000 	C:\WINDOWS\System32\winrnr.dll
0x6b380000 - 0x6b390000 	C:\WINDOWS\System32\wshbth.dll
0x6b330000 - 0x6b37e000 	C:\WINDOWS\System32\fwpuclnt.dll
0x73020000 - 0x73039000 	C:\WINDOWS\SYSTEM32\bcrypt.dll
0x6e6b0000 - 0x6e6b8000 	C:\Windows\System32\rasadhlp.dll
0x645f0000 - 0x64605000 	C:\Program Files (x86)\Java\jre1.8.0_211\bin\net.dll
0x71660000 - 0x717ec000 	C:\WINDOWS\SYSTEM32\urlmon.dll
0x771a0000 - 0x771b9000 	C:\WINDOWS\System32\imagehlp.dll
0x6fb60000 - 0x6fd79000 	C:\WINDOWS\SYSTEM32\iertutil.dll
0x72f60000 - 0x72f73000 	C:\WINDOWS\SYSTEM32\CRYPTSP.dll
0x72bf0000 - 0x72c1f000 	C:\WINDOWS\system32\rsaenh.dll
0x735f0000 - 0x73612000 	C:\WINDOWS\SYSTEM32\USERENV.dll
0x6e8a0000 - 0x6e8b3000 	C:\WINDOWS\SYSTEM32\dhcpcsvc6.DLL
0x72bd0000 - 0x72be4000 	C:\WINDOWS\SYSTEM32\dhcpcsvc.DLL
0x645e0000 - 0x645ef000 	C:\Program Files (x86)\Java\jre1.8.0_211\bin\nio.dll
0x73b30000 - 0x73b50000 	C:\Program Files (x86)\Java\jre1.8.0_211\bin\sunec.dll
0x73b20000 - 0x73b29000 	C:\Program Files (x86)\Java\jre1.8.0_211\bin\sunmscapi.dll
0x74170000 - 0x742f2000 	C:\WINDOWS\System32\CRYPT32.dll
0x759b0000 - 0x759be000 	C:\WINDOWS\System32\MSASN1.dll
0x729f0000 - 0x72b71000 	C:\WINDOWS\SYSTEM32\dbghelp.dll

VM Arguments:
jvm_args: -agentlib:jdwp=transport=dt_socket,suspend=y,address=localhost:23598 -ea -Dfile.encoding=Cp1252 
java_command: org.testng.remote.RemoteTestNG -serport 23597 -protocol json -d E:\javaprojects\Java123\src\StringHandling\StringHandling2\com.demo\test-output C:\Users\abc\AppData\Local\Temp\testng-eclipse-476599428\testng-customsuite.xml
java_class_path (initial): E:\javaprojects\eclipse\plugins\org.testng.eclipse_6.11.0.201703011520\lib\testng-remote.jar;C:\Program Files (x86)\Java\jre1.8.0_211\lib\resources.jar;C:\Program Files (x86)\Java\jre1.8.0_211\lib\rt.jar;C:\Program Files (x86)\Java\jre1.8.0_211\lib\jsse.jar;C:\Program Files (x86)\Java\jre1.8.0_211\lib\jce.jar;C:\Program Files (x86)\Java\jre1.8.0_211\lib\charsets.jar;C:\Program Files (x86)\Java\jre1.8.0_211\lib\jfr.jar;C:\Program Files (x86)\Java\jre1.8.0_211\lib\ext\access-bridge-32.jar;C:\Program Files (x86)\Java\jre1.8.0_211\lib\ext\cldrdata.jar;C:\Program Files (x86)\Java\jre1.8.0_211\lib\ext\dnsns.jar;C:\Program Files (x86)\Java\jre1.8.0_211\lib\ext\jaccess.jar;C:\Program Files (x86)\Java\jre1.8.0_211\lib\ext\jfxrt.jar;C:\Program Files (x86)\Java\jre1.8.0_211\lib\ext\localedata.jar;C:\Program Files (x86)\Java\jre1.8.0_211\lib\ext\nashorn.jar;C:\Program Files (x86)\Java\jre1.8.0_211\lib\ext\sunec.jar;C:\Program Files (x86)\Java\jre1.8.0_211\lib\ext\sunjce_provider.jar;C:\Program Files (x86)\Java\jre1.8.0_211\lib\ext\sunmscapi.jar;C:\Program Files (x86)\Java\jre1.8.0_211\lib\ext\sunpkcs11.jar;C:\Program Files (x86)\Java\jre1.8.0_211\lib\ext\zipfs.jar;E:\javaprojects\Java123\src\StringHandling\StringHandling2\com.demo\target\test-classes;E:\javaprojects\Java123\src\StringHandling\StringHandling2\com.demo\target\classes;E:\javaprojects\eclipse\plugins\org.junit_4.12.0.v201504281640\junit.jar;E:\javaprojects\eclipse\plugins\org.hamcrest.core_1.3.0.v201303031735.jar;C:\Users\abc\.m2\repository\org\apache\poi\poi\3.9\poi-3.9.jar;C:\Users\abc\.m2\repository\commons-codec\commons-codec\1.5\commons-codec-1.5.jar;C:\Users\abc\.m2\repository\org\seleniumhq\selenium\selenium-java\3.141.59\selenium-java-3.141.59.jar;C:\Users\abc\.m2\repository\org\seleniumhq\selenium\selenium-api\3.141.59\selenium-api-3.141.59.jar;C:\Users\abc\.m2\repository\org\seleniumhq\selenium\selenium-chrome-driver\3.141.59\selenium-chrome-driver-3.141.59.jar;C:\Users\abc\.m
Launcher Type: SUN_STANDARD

Environment Variables:
JAVA_HOME=C:\Program Files (x86)\Java\jdk1.8.0_211
CLASSPATH=%CLASSPATH%;%JUNIT_HOME%\junit-4.10.jar;.;
PATH=C:/Program Files (x86)/Java/jdk1.8.0_211/bin/../jre/bin/client;C:/Program Files (x86)/Java/jdk1.8.0_211/bin/../jre/bin;C:/Program Files (x86)/Java/jdk1.8.0_211/bin/../jre/lib/i386;C:\WINDOWS\system32;C:\WINDOWS;C:\WINDOWS\System32\Wbem;C:\WINDOWS\System32\WindowsPowerShell\v1.0\;C:\Program Files (x86)\Windows Kits\8.1\Windows Performance Toolkit\;C:\Program Files\Microsoft SQL Server\110\Tools\Binn\;C:\Program Files\Microsoft SQL Server\120\DTS\Binn\;C:\Program Files\Microsoft SQL Server\Client SDK\ODBC\110\Tools\Binn\;C:\Program Files (x86)\Microsoft SQL Server\120\Tools\Binn\;C:\Program Files\Microsoft SQL Server\120\Tools\Binn\;C:\Program Files (x86)\Microsoft SQL Server\120\Tools\Binn\ManagementStudio\;C:\Program Files (x86)\Microsoft SQL Server\120\DTS\Binn\;E:\Selenium softwares\s\apache-maven-3.6.1\bin;C:\Program Files (x86)\Java\jdk1.8.0_211\bin;E:\Selenium softwares\apache-maven-3.6.1\bin;C:\Program Files (x86)\Java\jdk1.8.0_211\bin;;E:\javaprojects\eclipse;
USERNAME=abc
OS=Windows_NT
PROCESSOR_IDENTIFIER=Intel64 Family 6 Model 58 Stepping 9, GenuineIntel



---------------  S Y S T E M  ---------------

OS: Windows 10.0 , 64 bit Build 16299 (10.0.16299.15)

CPU:total 4 (initial active 4) (2 cores per cpu, 2 threads per core) family 6 model 58 stepping 9, cmov, cx8, fxsr, mmx, sse, sse2, sse3, ssse3, sse4.1, sse4.2, popcnt, avx, clmul, erms, ht, tsc, tscinvbit, tscinv

Memory: 4k page, physical 4066664k(938044k free), swap 10187568k(5231876k free)

vm_info: Java HotSpot(TM) Client VM (25.211-b12) for windows-x86 JRE (1.8.0_211-b12), built on Apr  1 2019 20:53:53 by "java_re" with MS VC++ 10.0 (VS2010)

time: Sun Jul 21 14:20:41 2019
timezone: India Standard Time
elapsed time: 2120 seconds (0d 0h 35m 20s)

